<?xml version="1.0" encoding="UTF-8"?>
<testng-results skipped="0" failed="0" ignored="0" total="2" passed="2">
  <reporter-output>
  </reporter-output>
  <suite name="Suite" duration-ms="9466" started-at="2020-05-09T14:05:54 IST" finished-at="2020-05-09T14:06:04 IST">
    <groups>
    </groups>
    <test name="Test" duration-ms="9466" started-at="2020-05-09T14:05:54 IST" finished-at="2020-05-09T14:06:04 IST">
      <class name="com.ust.rest.Rest">
        <test-method status="PASS" signature="beforeTest()[pri:0, instance:com.ust.rest.Rest@3a4799]" name="beforeTest" is-config="true" duration-ms="19" started-at="2020-05-09T14:05:54 IST" finished-at="2020-05-09T14:05:54 IST">
          <reporter-output>
          </reporter-output>
        </test-method> <!-- beforeTest -->
        <test-method status="PASS" signature="createPetWithData(int, int, java.lang.String, java.lang.String, java.lang.String, java.lang.String, java.lang.String, int, java.lang.String, int, java.lang.String, java.lang.String)[pri:0, instance:com.ust.rest.Rest@3a4799]" name="createPetWithData" duration-ms="8067" started-at="2020-05-09T14:05:54 IST" data-provider="dpGetWithParam" finished-at="2020-05-09T14:06:02 IST">
          <params>
            <param index="0">
              <value>
                <![CDATA[1]]>
              </value>
            </param>
            <param index="1">
              <value>
                <![CDATA[1]]>
              </value>
            </param>
            <param index="2">
              <value>
                <![CDATA[tom]]>
              </value>
            </param>
            <param index="3">
              <value>
                <![CDATA[jerry]]>
              </value>
            </param>
            <param index="4">
              <value>
                <![CDATA[www.google.com]]>
              </value>
            </param>
            <param index="5">
              <value>
                <![CDATA[www.ust.com]]>
              </value>
            </param>
            <param index="6">
              <value>
                <![CDATA[www.pst.com]]>
              </value>
            </param>
            <param index="7">
              <value>
                <![CDATA[11]]>
              </value>
            </param>
            <param index="8">
              <value>
                <![CDATA[testing]]>
              </value>
            </param>
            <param index="9">
              <value>
                <![CDATA[12]]>
              </value>
            </param>
            <param index="10">
              <value>
                <![CDATA[resting]]>
              </value>
            </param>
            <param index="11">
              <value>
                <![CDATA[available]]>
              </value>
            </param>
          </params>
          <reporter-output>
          </reporter-output>
        </test-method> <!-- createPetWithData -->
        <test-method status="PASS" signature="createPetWithData(int, int, java.lang.String, java.lang.String, java.lang.String, java.lang.String, java.lang.String, int, java.lang.String, int, java.lang.String, java.lang.String)[pri:0, instance:com.ust.rest.Rest@3a4799]" name="createPetWithData" duration-ms="1281" started-at="2020-05-09T14:06:02 IST" data-provider="dpGetWithParam" finished-at="2020-05-09T14:06:04 IST">
          <params>
            <param index="0">
              <value>
                <![CDATA[2]]>
              </value>
            </param>
            <param index="1">
              <value>
                <![CDATA[11]]>
              </value>
            </param>
            <param index="2">
              <value>
                <![CDATA[tomy]]>
              </value>
            </param>
            <param index="3">
              <value>
                <![CDATA[jerry]]>
              </value>
            </param>
            <param index="4">
              <value>
                <![CDATA[www.google.com]]>
              </value>
            </param>
            <param index="5">
              <value>
                <![CDATA[www.ust.com]]>
              </value>
            </param>
            <param index="6">
              <value>
                <![CDATA[www.pst.com]]>
              </value>
            </param>
            <param index="7">
              <value>
                <![CDATA[13]]>
              </value>
            </param>
            <param index="8">
              <value>
                <![CDATA[testing]]>
              </value>
            </param>
            <param index="9">
              <value>
                <![CDATA[15]]>
              </value>
            </param>
            <param index="10">
              <value>
                <![CDATA[resting]]>
              </value>
            </param>
            <param index="11">
              <value>
                <![CDATA[available]]>
              </value>
            </param>
          </params>
          <reporter-output>
          </reporter-output>
        </test-method> <!-- createPetWithData -->
        <test-method status="PASS" signature="afterTest()[pri:0, instance:com.ust.rest.Rest@3a4799]" name="afterTest" is-config="true" duration-ms="1" started-at="2020-05-09T14:06:04 IST" finished-at="2020-05-09T14:06:04 IST">
          <reporter-output>
          </reporter-output>
        </test-method> <!-- afterTest -->
      </class> <!-- com.ust.rest.Rest -->
    </test> <!-- Test -->
  </suite> <!-- Suite -->
</testng-results>
